<?xml version="1.0"?>
<SCL version="2007" revision="B" release="4">
    <Header id="ae390399-221c-497f-b03b-85e7edfd90df" version="hv" revision="hr" toolID="COMPAS"/>
    <IED name="100" type="ADU" manufacturer="ADU" configVersion="ADU" originalSclVersion="2007" originalSclRevision="B" originalSclRelease="4">
        <Private type="COMPAS-IEDType">BCU</Private>
        <AccessPoint name="test1"/>
    </IED>
    <IED name="101" type="ADU" manufacturer="ADU" configVersion="ADU" originalSclVersion="2007" originalSclRevision="B" originalSclRelease="4">
        <Private type="COMPAS-IEDType">BCU</Private>
        <AccessPoint name="test1"/>
    </IED>
</SCL>